<?xml version="1.0" ?>
<testsuites disabled="0" errors="0" failures="1" name="SST TESTING FRAMEWORKS" tests="1" time="0.741901874542">
	<testsuite disabled="0" errors="0" failures="1" name="testsuite_default_simpleSimulation" skipped="0" tests="1" time="0.741901874542">
		<testcase classname="testcase_simpleSimulation" name="test_simplesimulation_carwash" time="0.741902" timestamp="2021_0617_02:20:27.743226 utc">
			<failure message="AssertionError: simpleSimulation test test_simpleSimulationCarWash has Non-empty Error File /work2/07431/tg867305/stampede2/sst-elements-library-11.0.0/sst_test_outputs/run_data/test_simpleSimulationCarWash.err " type="failure"/>
		</testcase>
	</testsuite>
</testsuites>
